# JRE version: Java(TM) SE Runtime Environment (8.0_151-b12) (build 1.8.0_151-b12)
# Java VM: Java HotSpot(TM) 64-Bit Server VM (25.151-b12 mixed mode linux-amd64 compressed oops)
Heap:
 PSYoungGen      total 782336K, used 0K [0x000000076cb00000, 0x00000007a4e00000, 0x00000007c0000000)
  eden space 694272K, 0% used [0x000000076cb00000,0x000000076cb00000,0x0000000797100000)
  from space 88064K, 0% used [0x000000079c480000,0x000000079c480000,0x00000007a1a80000)
  to   space 85504K, 0% used [0x0000000797100000,0x0000000797100000,0x000000079c480000)
 ParOldGen       total 210944K, used 178760K [0x00000006c6000000, 0x00000006d2e00000, 0x000000076cb00000)
  object space 210944K, 84% used [0x00000006c6000000,0x00000006d0e92178,0x00000006d2e00000)
 Metaspace       used 57323K, capacity 59046K, committed 59160K, reserved 1101824K
  class space    used 7033K, capacity 7378K, committed 7472K, reserved 1048576K
GC Heap History (10 events):
Event: 6.945 GC heap after
Heap after GC invocations=10 (full 2):
 PSYoungGen      total 419840K, used 0K [0x000000076cb00000, 0x0000000788d80000, 0x00000007c0000000)
  eden space 389120K, 0% used [0x000000076cb00000,0x000000076cb00000,0x0000000784700000)
  from space 30720K, 0% used [0x0000000786f80000,0x0000000786f80000,0x0000000788d80000)
  to   space 35840K, 0% used [0x0000000784780000,0x0000000784780000,0x0000000786a80000)
 ParOldGen       total 210944K, used 67084K [0x00000006c6000000, 0x00000006d2e00000, 0x000000076cb00000)
  object space 210944K, 31% used [0x00000006c6000000,0x00000006ca183188,0x00000006d2e00000)
 Metaspace       used 34222K, capacity 35382K, committed 35496K, reserved 1081344K
  class space    used 4117K, capacity 4383K, committed 4400K, reserved 1048576K
}
Event: 8.176 GC heap before
{Heap before GC invocations=11 (full 2):
 PSYoungGen      total 419840K, used 389120K [0x000000076cb00000, 0x0000000788d80000, 0x00000007c0000000)
  eden space 389120K, 100% used [0x000000076cb00000,0x0000000784700000,0x0000000784700000)
  from space 30720K, 0% used [0x0000000786f80000,0x0000000786f80000,0x0000000788d80000)
  to   space 35840K, 0% used [0x0000000784780000,0x0000000784780000,0x0000000786a80000)
 ParOldGen       total 210944K, used 67084K [0x00000006c6000000, 0x00000006d2e00000, 0x000000076cb00000)
  object space 210944K, 31% used [0x00000006c6000000,0x00000006ca183188,0x00000006d2e00000)
 Metaspace       used 43565K, capacity 44886K, committed 45104K, reserved 1089536K
  class space    used 5335K, capacity 5632K, committed 5680K, reserved 1048576K
Event: 8.213 GC heap after
Heap after GC invocations=11 (full 2):
 PSYoungGen      total 425472K, used 35808K [0x000000076cb00000, 0x0000000792d80000, 0x00000007c0000000)
  eden space 389632K, 0% used [0x000000076cb00000,0x000000076cb00000,0x0000000784780000)
  from space 35840K, 99% used [0x0000000784780000,0x0000000786a78200,0x0000000786a80000)
  to   space 52736K, 0% used [0x000000078fa00000,0x000000078fa00000,0x0000000792d80000)
 ParOldGen       total 210944K, used 96944K [0x00000006c6000000, 0x00000006d2e00000, 0x000000076cb00000)
  object space 210944K, 45% used [0x00000006c6000000,0x00000006cbeac3b0,0x00000006d2e00000)
 Metaspace       used 43565K, capacity 44886K, committed 45104K, reserved 1089536K
  class space    used 5335K, capacity 5632K, committed 5680K, reserved 1048576K
}
Event: 8.911 GC heap before
{Heap before GC invocations=12 (full 2):
 PSYoungGen      total 425472K, used 425440K [0x000000076cb00000, 0x0000000792d80000, 0x00000007c0000000)
  eden space 389632K, 100% used [0x000000076cb00000,0x0000000784780000,0x0000000784780000)
  from space 35840K, 99% used [0x0000000784780000,0x0000000786a78200,0x0000000786a80000)
  to   space 52736K, 0% used [0x000000078fa00000,0x000000078fa00000,0x0000000792d80000)
 ParOldGen       total 210944K, used 96944K [0x00000006c6000000, 0x00000006d2e00000, 0x000000076cb00000)
  object space 210944K, 45% used [0x00000006c6000000,0x00000006cbeac3b0,0x00000006d2e00000)
 Metaspace       used 46562K, capacity 48038K, committed 48304K, reserved 1091584K
  class space    used 5645K, capacity 5939K, committed 6064K, reserved 1048576K
Event: 8.948 GC heap after
Heap after GC invocations=12 (full 2):
 PSYoungGen      total 564224K, used 52726K [0x000000076cb00000, 0x0000000794800000, 0x00000007c0000000)
  eden space 511488K, 0% used [0x000000076cb00000,0x000000076cb00000,0x000000078be80000)
  from space 52736K, 99% used [0x000000078fa00000,0x0000000792d7d898,0x0000000792d80000)
  to   space 60928K, 0% used [0x000000078be80000,0x000000078be80000,0x000000078fa00000)
 ParOldGen       total 210944K, used 98561K [0x00000006c6000000, 0x00000006d2e00000, 0x000000076cb00000)
  object space 210944K, 46% used [0x00000006c6000000,0x00000006cc0404b8,0x00000006d2e00000)
 Metaspace       used 46562K, capacity 48038K, committed 48304K, reserved 1091584K
  class space    used 5645K, capacity 5939K, committed 6064K, reserved 1048576K
}
Event: 11.405 GC heap before
{Heap before GC invocations=13 (full 2):
 PSYoungGen      total 564224K, used 564214K [0x000000076cb00000, 0x0000000794800000, 0x00000007c0000000)
  eden space 511488K, 100% used [0x000000076cb00000,0x000000078be80000,0x000000078be80000)
  from space 52736K, 99% used [0x000000078fa00000,0x0000000792d7d898,0x0000000792d80000)
  to   space 60928K, 0% used [0x000000078be80000,0x000000078be80000,0x000000078fa00000)
 ParOldGen       total 210944K, used 98561K [0x00000006c6000000, 0x00000006d2e00000, 0x000000076cb00000)
  object space 210944K, 46% used [0x00000006c6000000,0x00000006cc0404b8,0x00000006d2e00000)
 Metaspace       used 55161K, capacity 56896K, committed 57136K, reserved 1099776K
  class space    used 6786K, capacity 7142K, committed 7216K, reserved 1048576K
Event: 11.471 GC heap after
Heap after GC invocations=13 (full 2):
 PSYoungGen      total 572416K, used 60910K [0x000000076cb00000, 0x00000007a1a80000, 0x00000007c0000000)
  eden space 511488K, 0% used [0x000000076cb00000,0x000000076cb00000,0x000000078be80000)
  from space 60928K, 99% used [0x000000078be80000,0x000000078f9fbbd0,0x000000078fa00000)
  to   space 88064K, 0% used [0x000000079c480000,0x000000079c480000,0x00000007a1a80000)
 ParOldGen       total 210944K, used 146595K [0x00000006c6000000, 0x00000006d2e00000, 0x000000076cb00000)
  object space 210944K, 69% used [0x00000006c6000000,0x00000006cef28ea0,0x00000006d2e00000)
 Metaspace       used 55161K, capacity 56896K, committed 57136K, reserved 1099776K
  class space    used 6786K, capacity 7142K, committed 7216K, reserved 1048576K
}
Event: 11.917 GC heap before
{Heap before GC invocations=14 (full 2):
 PSYoungGen      total 572416K, used 207337K [0x000000076cb00000, 0x00000007a1a80000, 0x00000007c0000000)
  eden space 511488K, 28% used [0x000000076cb00000,0x00000007759feb10,0x000000078be80000)
  from space 60928K, 99% used [0x000000078be80000,0x000000078f9fbbd0,0x000000078fa00000)
  to   space 88064K, 0% used [0x000000079c480000,0x000000079c480000,0x00000007a1a80000)
 ParOldGen       total 210944K, used 146595K [0x00000006c6000000, 0x00000006d2e00000, 0x000000076cb00000)
  object space 210944K, 69% used [0x00000006c6000000,0x00000006cef28ea0,0x00000006d2e00000)
 Metaspace       used 57323K, capacity 59046K, committed 59160K, reserved 1101824K
  class space    used 7033K, capacity 7378K, committed 7472K, reserved 1048576K
Event: 12.067 GC heap after
Heap after GC invocations=14 (full 2):
 PSYoungGen      total 782336K, used 18497K [0x000000076cb00000, 0x00000007a4e00000, 0x00000007c0000000)
  eden space 694272K, 0% used [0x000000076cb00000,0x000000076cb00000,0x0000000797100000)
  from space 88064K, 21% used [0x000000079c480000,0x000000079d6904a8,0x00000007a1a80000)
  to   space 85504K, 0% used [0x0000000797100000,0x0000000797100000,0x000000079c480000)
 ParOldGen       total 210944K, used 205726K [0x00000006c6000000, 0x00000006d2e00000, 0x000000076cb00000)
  object space 210944K, 97% used [0x00000006c6000000,0x00000006d28e7998,0x00000006d2e00000)
 Metaspace       used 57323K, capacity 59046K, committed 59160K, reserved 1101824K
  class space    used 7033K, capacity 7378K, committed 7472K, reserved 1048576K
}
Event: 12.232 GC heap before
{Heap before GC invocations=15 (full 3):
 PSYoungGen      total 782336K, used 18497K [0x000000076cb00000, 0x00000007a4e00000, 0x00000007c0000000)
  eden space 694272K, 0% used [0x000000076cb00000,0x000000076cb00000,0x0000000797100000)
  from space 88064K, 21% used [0x000000079c480000,0x000000079d6904a8,0x00000007a1a80000)
  to   space 85504K, 0% used [0x0000000797100000,0x0000000797100000,0x000000079c480000)
 ParOldGen       total 210944K, used 205726K [0x00000006c6000000, 0x00000006d2e00000, 0x000000076cb00000)
  object space 210944K, 97% used [0x00000006c6000000,0x00000006d28e7998,0x00000006d2e00000)
 Metaspace       used 57323K, capacity 59046K, committed 59160K, reserved 1101824K
  class space    used 7033K, capacity 7378K, committed 7472K, reserved 1048576K

